Forwarding from 127.0.0.1:8080 -> 8080
Forwarding from [::1]:8080 -> 8080
Handling connection for 8080
Handling connection for 8080
Handling connection for 8080
Handling connection for 8080
Handling connection for 8080
Handling connection for 8080
Handling connection for 8080
Handling connection for 8080
Handling connection for 8080
Handling connection for 8080
Handling connection for 8080
Handling connection for 8080
Handling connection for 8080
Unable to listen on port 8080: Listeners failed to create with the following errors: [unable to create listener: Error listen tcp4 127.0.0.1:8080: bind: address already in use unable to create listener: Error listen tcp6 [::1]:8080: bind: address already in use]
error: unable to listen on any of the requested ports: [{8080 8080}]
Handling connection for 8080
Handling connection for 8080
E0304 19:05:09.626736   33506 portforward.go:372] error copying from remote stream to local connection: readfrom tcp4 127.0.0.1:8080->127.0.0.1:55692: write tcp4 127.0.0.1:8080->127.0.0.1:55692: write: broken pipe
Handling connection for 8080
Handling connection for 8080
Handling connection for 8080
Handling connection for 8080
Handling connection for 8080
Handling connection for 8080
Handling connection for 8080
Handling connection for 8080
Handling connection for 8080
Handling connection for 8080
Unable to listen on port 8080: Listeners failed to create with the following errors: [unable to create listener: Error listen tcp4 127.0.0.1:8080: bind: address already in use unable to create listener: Error listen tcp6 [::1]:8080: bind: address already in use]
error: unable to listen on any of the requested ports: [{8080 8080}]
Handling connection for 8080
Handling connection for 8080
Handling connection for 8080
Handling connection for 8080
Handling connection for 8080
Handling connection for 8080
Handling connection for 8080
Handling connection for 8080
Handling connection for 8080
Unable to listen on port 8080: Listeners failed to create with the following errors: [unable to create listener: Error listen tcp4 127.0.0.1:8080: bind: address already in use unable to create listener: Error listen tcp6 [::1]:8080: bind: address already in use]
error: unable to listen on any of the requested ports: [{8080 8080}]
Handling connection for 8080
Handling connection for 8080
E0304 19:08:58.239578   33506 portforward.go:372] error copying from remote stream to local connection: readfrom tcp4 127.0.0.1:8080->127.0.0.1:58134: write tcp4 127.0.0.1:8080->127.0.0.1:58134: write: broken pipe
Handling connection for 8080
Handling connection for 8080
Handling connection for 8080
Handling connection for 8080
Handling connection for 8080
Handling connection for 8080
Handling connection for 8080
Handling connection for 8080
Handling connection for 8080
Handling connection for 8080
Handling connection for 8080
Handling connection for 8080
Handling connection for 8080
Handling connection for 8080
Handling connection for 8080
Handling connection for 8080
Handling connection for 8080
Handling connection for 8080
Handling connection for 8080
Handling connection for 8080
Handling connection for 8080
Handling connection for 8080
Handling connection for 8080
Handling connection for 8080
Handling connection for 8080
Handling connection for 8080
Handling connection for 8080
Handling connection for 8080
Handling connection for 8080
Handling connection for 8080
Unable to listen on port 8080: Listeners failed to create with the following errors: [unable to create listener: Error listen tcp4 127.0.0.1:8080: bind: address already in use unable to create listener: Error listen tcp6 [::1]:8080: bind: address already in use]
error: unable to listen on any of the requested ports: [{8080 8080}]
Handling connection for 8080
Handling connection for 8080
Handling connection for 8080
Handling connection for 8080
Handling connection for 8080
Handling connection for 8080
Handling connection for 8080
Handling connection for 8080
Handling connection for 8080
Handling connection for 8080
E0304 19:13:46.308361   33506 portforward.go:385] error copying from local connection to remote stream: read tcp4 127.0.0.1:8080->127.0.0.1:32920: read: connection reset by peer
Handling connection for 8080
Handling connection for 8080
Unable to listen on port 8080: Listeners failed to create with the following errors: [unable to create listener: Error listen tcp4 127.0.0.1:8080: bind: address already in use unable to create listener: Error listen tcp6 [::1]:8080: bind: address already in use]
error: unable to listen on any of the requested ports: [{8080 8080}]
Handling connection for 8080
Handling connection for 8080
E0304 19:14:23.210187   33506 portforward.go:372] error copying from remote stream to local connection: readfrom tcp4 127.0.0.1:8080->127.0.0.1:33308: write tcp4 127.0.0.1:8080->127.0.0.1:33308: write: broken pipe
Handling connection for 8080
Handling connection for 8080
Handling connection for 8080
Handling connection for 8080
Handling connection for 8080
Handling connection for 8080
Handling connection for 8080
Handling connection for 8080
Handling connection for 8080
Handling connection for 8080
Handling connection for 8080
Handling connection for 8080
Handling connection for 8080
Handling connection for 8080
Handling connection for 8080
Handling connection for 8080
Handling connection for 8080
Handling connection for 8080
Handling connection for 8080
Handling connection for 8080
Handling connection for 8080
Handling connection for 8080
Handling connection for 8080
Handling connection for 8080
Handling connection for 8080
Handling connection for 8080
Handling connection for 8080
Handling connection for 8080
Handling connection for 8080
Handling connection for 8080
Handling connection for 8080
Handling connection for 8080
Handling connection for 8080
Handling connection for 8080
Unable to listen on port 8080: Listeners failed to create with the following errors: [unable to create listener: Error listen tcp4 127.0.0.1:8080: bind: address already in use unable to create listener: Error listen tcp6 [::1]:8080: bind: address already in use]
error: unable to listen on any of the requested ports: [{8080 8080}]
Handling connection for 8080
Handling connection for 8080
Handling connection for 8080
Handling connection for 8080
Handling connection for 8080
Handling connection for 8080
Handling connection for 8080
Handling connection for 8080
Handling connection for 8080
Handling connection for 8080
Handling connection for 8080
Handling connection for 8080
Handling connection for 8080
Handling connection for 8080
Handling connection for 8080
Handling connection for 8080
Handling connection for 8080
Handling connection for 8080
Handling connection for 8080
Handling connection for 8080
Handling connection for 8080
Handling connection for 8080
Handling connection for 8080
Handling connection for 8080
Handling connection for 8080
Handling connection for 8080
Handling connection for 8080
Handling connection for 8080
Handling connection for 8080
Handling connection for 8080
Handling connection for 8080
Handling connection for 8080
Unable to listen on port 8080: Listeners failed to create with the following errors: [unable to create listener: Error listen tcp4 127.0.0.1:8080: bind: address already in use unable to create listener: Error listen tcp6 [::1]:8080: bind: address already in use]
error: unable to listen on any of the requested ports: [{8080 8080}]
Handling connection for 8080
Handling connection for 8080
E0304 19:21:09.781289   33506 portforward.go:372] error copying from remote stream to local connection: readfrom tcp4 127.0.0.1:8080->127.0.0.1:37600: write tcp4 127.0.0.1:8080->127.0.0.1:37600: write: broken pipe
Handling connection for 8080
Handling connection for 8080
Handling connection for 8080
Handling connection for 8080
Handling connection for 8080
Handling connection for 8080
Handling connection for 8080
Handling connection for 8080
Handling connection for 8080
Handling connection for 8080
Handling connection for 8080
Handling connection for 8080
Handling connection for 8080
Handling connection for 8080
Handling connection for 8080
Handling connection for 8080
Handling connection for 8080
Handling connection for 8080
Handling connection for 8080
E0304 19:21:12.856100   33506 portforward.go:385] error copying from local connection to remote stream: read tcp4 127.0.0.1:8080->127.0.0.1:37724: read: connection reset by peer
Handling connection for 8080
Handling connection for 8080
Handling connection for 8080
Handling connection for 8080
Handling connection for 8080
Handling connection for 8080
Handling connection for 8080
Handling connection for 8080
Handling connection for 8080
Handling connection for 8080
Handling connection for 8080
Unable to listen on port 8080: Listeners failed to create with the following errors: [unable to create listener: Error listen tcp4 127.0.0.1:8080: bind: address already in use unable to create listener: Error listen tcp6 [::1]:8080: bind: address already in use]
error: unable to listen on any of the requested ports: [{8080 8080}]
Handling connection for 8080
Handling connection for 8080
E0304 19:23:29.986701   33506 portforward.go:372] error copying from remote stream to local connection: readfrom tcp4 127.0.0.1:8080->127.0.0.1:39110: write tcp4 127.0.0.1:8080->127.0.0.1:39110: write: broken pipe
Handling connection for 8080
Handling connection for 8080
Handling connection for 8080
Handling connection for 8080
Handling connection for 8080
Handling connection for 8080
Handling connection for 8080
Handling connection for 8080
Handling connection for 8080
Handling connection for 8080
Handling connection for 8080
Handling connection for 8080
Handling connection for 8080
Handling connection for 8080
Handling connection for 8080
E0304 19:23:31.089891   33506 portforward.go:385] error copying from local connection to remote stream: read tcp4 127.0.0.1:8080->127.0.0.1:39176: read: connection reset by peer
Handling connection for 8080
Handling connection for 8080
Handling connection for 8080
Handling connection for 8080
Handling connection for 8080
Handling connection for 8080
Handling connection for 8080
Handling connection for 8080
E0304 19:28:29.795029   33506 portforward.go:233] lost connection to pod
error: unable to forward port because pod is not running. Current status=Pending
Forwarding from 127.0.0.1:8080 -> 8080
Forwarding from [::1]:8080 -> 8080
Handling connection for 8080
Handling connection for 8080
E0304 19:37:02.119355   42416 portforward.go:372] error copying from remote stream to local connection: readfrom tcp4 127.0.0.1:8080->127.0.0.1:46446: write tcp4 127.0.0.1:8080->127.0.0.1:46446: write: broken pipe
Handling connection for 8080
Handling connection for 8080
Handling connection for 8080
Handling connection for 8080
Handling connection for 8080
Handling connection for 8080
Handling connection for 8080
Handling connection for 8080
Handling connection for 8080
Handling connection for 8080
Handling connection for 8080
Handling connection for 8080
Handling connection for 8080
Handling connection for 8080
Handling connection for 8080
Handling connection for 8080
Handling connection for 8080
Handling connection for 8080
Handling connection for 8080
E0304 19:37:06.796919   42416 portforward.go:372] error copying from remote stream to local connection: readfrom tcp4 127.0.0.1:8080->127.0.0.1:46576: write tcp4 127.0.0.1:8080->127.0.0.1:46576: write: broken pipe
